15:35:49 **** Incremental Build of configuration Debug for project BB2 ****
Info: Internal Builder is used for build
arm-frc-linux-gnueabi-g++ -std=c++1y "-IC:\\Users\\Sanket Nayak/wpilib/cpp/current/include" "-I\\\\VMWARE-HOST\\Shared Folders\\Desktop\\2018FRC\\workspace\\BB2\\src" "-IC:\\Users\\Sanket Nayak/wpilib/user/cpp/include" -O0 -Og -g3 -Wall -c -fmessage-length=0 -pthread -o "src\\Robot.o" "..\\src\\Robot.cpp" 
arm-frc-linux-gnueabi-g++ -std=c++1y "-IC:\\Users\\Sanket Nayak/wpilib/cpp/current/include" "-I\\\\VMWARE-HOST\\Shared Folders\\Desktop\\2018FRC\\workspace\\BB2\\src" "-IC:\\Users\\Sanket Nayak/wpilib/user/cpp/include" -O0 -Og -g3 -Wall -c -fmessage-length=0 -pthread -o "src\\Subsystems\\Drive.o" "..\\src\\Subsystems\\Drive.cpp" 
..\src\Subsystems\Drive.cpp: In constructor 'Drive::Drive::Drive()':
..\src\Subsystems\Drive.cpp:31:22: warning: unused variable 'drivetrain' [-Wunused-variable]
   DifferentialDrive *drivetrain = new DifferentialDrive(leftDrive, rightDrive);
                      ^
..\src\Subsystems\Drive.cpp: In member function 'double Drive::Drive::ScaleVal(double, double)':
..\src\Subsystems\Drive.cpp:42:1: warning: no return statement in function returning non-void [-Wreturn-type]
 }
 ^
..\src\Subsystems\Drive.cpp: At global scope:
..\src\Subsystems\Drive.cpp:42:1: error: expected '}' at end of input
15:47:32 **** Incremental Build of configuration Debug for project Arcade Drive ****
Info: Internal Builder is used for build
arm-frc-linux-gnueabi-g++ -std=c++1y "-IC:\\Users\\Murali/wpilib/cpp/current/include" "-IC:\\Users\\Murali\\Documents\\GitHub\\2018FRC\\workspace\\Arcade Drive\\src" "-IC:\\Users\\Murali/wpilib/user/cpp/include" -O0 -Og -g3 -Wall -c -fmessage-length=0 -pthread -o "src\\Robot.o" "..\\src\\Robot.cpp" 
arm-frc-linux-gnueabi-g++ "-LC:\\Users\\Murali/wpilib/common/current/lib/linux/athena/shared" "-LC:\\Users\\Murali/wpilib/cpp/current/reflib/linux/athena/shared" "-LC:\\Users\\Murali/wpilib/user/cpp/lib" -pthread -rdynamic -Wl,-rpath,/opt/GenICam_v3_0_NI/bin/Linux32_ARM,-rpath,/usr/local/frc/lib -o FRCUserProgram "src\\Robot.o" -lCTRE_Phoenix -lCTRE_PhoenixCCI -lCTRE_Phoenix -lCTRE_PhoenixCCI -lwpi 
15:47:33 **** Incremental Build of configuration Debug for project BB1 ****
Info: Internal Builder is used for build
arm-frc-linux-gnueabi-g++ "-LC:\\Users\\Murali/wpilib/user/cpp/lib" "-LC:\\Users\\Murali/wpilib/cpp/current/reflib/linux/athena/shared" "-LC:\\Users\\Murali/wpilib/common/current/lib/linux/athena/shared" -pthread -rdynamic -Wl,-rpath,/opt/GenICam_v3_0_NI/bin/Linux32_ARM,-rpath,/usr/local/frc/lib -o FRCUserProgram "src\\Robot.o" -lCTRE_Phoenix -lCTRE_PhoenixCCI -lCTRE_Phoenix -lCTRE_PhoenixCCI -lwpi 
15:47:34 **** Incremental Build of configuration Debug for project BB2 ****
Info: Internal Builder is used for build
arm-frc-linux-gnueabi-g++ -std=c++1y "-IC:\\Users\\Murali/wpilib/cpp/current/include" "-IC:\\Users\\Murali\\Documents\\GitHub\\2018FRC\\workspace\\BB2\\src" "-IC:\\Users\\Murali/wpilib/user/cpp/include" -O0 -Og -g3 -Wall -c -fmessage-length=0 -pthread -o "src\\Robot.o" "..\\src\\Robot.cpp" 
arm-frc-linux-gnueabi-g++ "-LC:\\Users\\Murali/wpilib/common/current/lib/linux/athena/shared" "-LC:\\Users\\Murali/wpilib/cpp/current/reflib/linux/athena/shared" "-LC:\\Users\\Murali/wpilib/user/cpp/lib" -pthread -rdynamic -Wl,-rpath,/opt/GenICam_v3_0_NI/bin/Linux32_ARM,-rpath,/usr/local/frc/lib -o FRCUserProgram "src\\Robot.o" "src\\Subsystems\\Elevator.o" "src\\Subsystems\\Intake.o" -lCTRE_Phoenix -lCTRE_PhoenixCCI -lCTRE_Phoenix -lCTRE_PhoenixCCI -lwpi 
15:47:37 **** Incremental Build of configuration Debug for project BB3 ****
Info: Internal Builder is used for build
arm-frc-linux-gnueabi-g++ -std=c++1y "-IC:\\Users\\Murali/wpilib/cpp/current/include" "-IC:\\Users\\Murali\\Documents\\GitHub\\2018FRC\\workspace\\BB3\\src" "-IC:\\Users\\Murali/wpilib/user/cpp/include" -O0 -Og -g3 -Wall -c -fmessage-length=0 -pthread -o "src\\Robot.o" "..\\src\\Robot.cpp" 
arm-frc-linux-gnueabi-g++ "-LC:\\Users\\Murali/wpilib/common/current/lib/linux/athena/shared" "-LC:\\Users\\Murali/wpilib/cpp/current/reflib/linux/athena/shared" "-LC:\\Users\\Murali/wpilib/user/cpp/lib" -pthread -rdynamic -Wl,-rpath,/opt/GenICam_v3_0_NI/bin/Linux32_ARM,-rpath,/usr/local/frc/lib -o FRCUserProgram "src\\Robot.o" -lCTRE_Phoenix -lCTRE_PhoenixCCI -lCTRE_Phoenix -lCTRE_PhoenixCCI -lwpi 
